TN:
SF:src\App.vue
FN:40,render
FN:59,(anonymous_1)
FN:67,(anonymous_2)
FNF:3
FNH:0
FNDA:0,render
FNDA:0,(anonymous_1)
FNDA:0,(anonymous_2)
DA:4,0
DA:7,0
DA:8,0
DA:11,0
DA:13,0
DA:16,0
DA:17,0
DA:18,0
DA:21,0
DA:24,0
DA:28,0
DA:31,0
DA:34,0
DA:37,0
DA:41,0
DA:42,0
DA:43,0
DA:59,0
DA:67,0
DA:74,0
LF:20
LH:0
BRDA:43,0,0,0
BRDA:43,0,1,0
BRDA:48,1,0,0
BRDA:48,1,1,0
BRDA:59,2,0,0
BRDA:59,2,1,0
BRDA:67,3,0,0
BRDA:67,3,1,0
BRDA:71,4,0,0
BRDA:71,4,1,0
BRF:10
BRH:0
end_of_record
TN:
SF:src\components\DetalhesProduto.vue
FN:187,render
FN:193,(anonymous_1)
FN:223,(anonymous_2)
FN:229,(anonymous_3)
FN:238,(anonymous_4)
FN:241,(anonymous_5)
FNF:6
FNH:0
FNDA:0,render
FNDA:0,(anonymous_1)
FNDA:0,(anonymous_2)
FNDA:0,(anonymous_3)
FNDA:0,(anonymous_4)
FNDA:0,(anonymous_5)
DA:4,0
DA:5,0
DA:8,0
DA:71,0
DA:73,0
DA:76,0
DA:77,0
DA:78,0
DA:81,0
DA:85,0
DA:89,0
DA:93,0
DA:96,0
DA:99,0
DA:102,0
DA:105,0
DA:108,0
DA:111,0
DA:114,0
DA:117,0
DA:120,0
DA:123,0
DA:126,0
DA:129,0
DA:132,0
DA:135,0
DA:138,0
DA:141,0
DA:144,0
DA:147,0
DA:150,0
DA:153,0
DA:156,0
DA:159,0
DA:162,0
DA:165,0
DA:168,0
DA:175,0
DA:178,0
DA:181,0
DA:184,0
DA:188,0
DA:189,0
DA:193,0
DA:223,0
DA:229,0
DA:238,0
DA:241,0
DA:243,0
LF:49
LH:0
BRDA:193,0,0,0
BRDA:193,0,1,0
BRDA:197,1,0,0
BRDA:197,1,1,0
BRDA:199,2,0,0
BRDA:199,2,1,0
BRDA:199,3,0,0
BRDA:199,3,1,0
BRDA:201,4,0,0
BRDA:201,4,1,0
BRDA:202,5,0,0
BRDA:202,5,1,0
BRDA:203,6,0,0
BRDA:203,6,1,0
BRDA:203,7,0,0
BRDA:203,7,1,0
BRDA:205,8,0,0
BRDA:205,8,1,0
BRDA:205,9,0,0
BRDA:205,9,1,0
BRDA:207,10,0,0
BRDA:207,10,1,0
BRDA:207,11,0,0
BRDA:207,11,1,0
BRDA:209,12,0,0
BRDA:209,12,1,0
BRDA:209,13,0,0
BRDA:209,13,1,0
BRDA:211,14,0,0
BRDA:211,14,1,0
BRDA:213,15,0,0
BRDA:213,15,1,0
BRDA:215,16,0,0
BRDA:215,16,1,0
BRDA:215,17,0,0
BRDA:215,17,1,0
BRDA:217,18,0,0
BRDA:217,18,1,0
BRDA:219,19,0,0
BRDA:219,19,1,0
BRDA:223,20,0,0
BRDA:223,20,1,0
BRDA:229,21,0,0
BRDA:229,21,1,0
BRDA:229,22,0,0
BRDA:229,22,1,0
BRDA:230,23,0,0
BRDA:230,23,1,0
BRDA:232,24,0,0
BRDA:232,24,1,0
BRDA:232,25,0,0
BRDA:232,25,1,0
BRDA:236,26,0,0
BRDA:236,26,1,0
BRDA:236,27,0,0
BRDA:236,27,1,0
BRDA:238,28,0,0
BRDA:238,28,1,0
BRDA:241,29,0,0
BRDA:241,29,1,0
BRDA:241,30,0,0
BRDA:241,30,1,0
BRF:62
BRH:0
end_of_record
TN:
SF:src\components\FormProduto.vue
FN:12,(anonymous_0)
FN:181,render
FN:187,(anonymous_2)
FN:197,(anonymous_3)
FN:202,(anonymous_4)
FN:214,(anonymous_5)
FN:221,(anonymous_6)
FN:231,(anonymous_7)
FN:242,(anonymous_8)
FN:255,(anonymous_9)
FN:266,(anonymous_10)
FN:271,(anonymous_11)
FN:280,(anonymous_12)
FN:295,(anonymous_13)
FN:302,(anonymous_14)
FNF:15
FNH:0
FNDA:0,(anonymous_0)
FNDA:0,render
FNDA:0,(anonymous_2)
FNDA:0,(anonymous_3)
FNDA:0,(anonymous_4)
FNDA:0,(anonymous_5)
FNDA:0,(anonymous_6)
FNDA:0,(anonymous_7)
FNDA:0,(anonymous_8)
FNDA:0,(anonymous_9)
FNDA:0,(anonymous_10)
FNDA:0,(anonymous_11)
FNDA:0,(anonymous_12)
FNDA:0,(anonymous_13)
FNDA:0,(anonymous_14)
DA:4,0
DA:5,0
DA:8,0
DA:12,0
DA:108,0
DA:110,0
DA:113,0
DA:114,0
DA:115,0
DA:118,0
DA:121,0
DA:124,0
DA:127,0
DA:130,0
DA:134,0
DA:137,0
DA:140,0
DA:143,0
DA:147,0
DA:150,0
DA:154,0
DA:157,0
DA:160,0
DA:163,0
DA:166,0
DA:169,0
DA:172,0
DA:173,0
DA:177,0
DA:182,0
DA:183,0
DA:187,0
DA:197,0
DA:202,0
DA:214,0
DA:221,0
DA:231,0
DA:242,0
DA:255,0
DA:266,0
DA:271,0
DA:280,0
DA:295,0
DA:302,0
DA:305,0
LF:45
LH:0
BRDA:187,0,0,0
BRDA:187,0,1,0
BRDA:191,1,0,0
BRDA:191,1,1,0
BRDA:193,2,0,0
BRDA:193,2,1,0
BRDA:193,3,0,0
BRDA:193,3,1,0
BRDA:197,4,0,0
BRDA:197,4,1,0
BRDA:197,5,0,0
BRDA:197,5,1,0
BRDA:199,6,0,0
BRDA:199,6,1,0
BRDA:202,7,0,0
BRDA:202,7,1,0
BRDA:211,8,0,0
BRDA:211,8,1,0
BRDA:211,9,0,0
BRDA:211,9,1,0
BRDA:214,10,0,0
BRDA:214,10,1,0
BRDA:216,11,0,0
BRDA:216,11,1,0
BRDA:218,12,0,0
BRDA:218,12,1,0
BRDA:221,13,0,0
BRDA:221,13,1,0
BRDA:228,14,0,0
BRDA:228,14,1,0
BRDA:231,15,0,0
BRDA:231,15,1,0
BRDA:239,16,0,0
BRDA:239,16,1,0
BRDA:239,17,0,0
BRDA:239,17,1,0
BRDA:242,18,0,0
BRDA:242,18,1,0
BRDA:250,19,0,0
BRDA:250,19,1,0
BRDA:250,20,0,0
BRDA:250,20,1,0
BRDA:252,21,0,0
BRDA:252,21,1,0
BRDA:255,22,0,0
BRDA:255,22,1,0
BRDA:263,23,0,0
BRDA:263,23,1,0
BRDA:266,24,0,0
BRDA:266,24,1,0
BRDA:268,25,0,0
BRDA:268,25,1,0
BRDA:268,26,0,0
BRDA:268,26,1,0
BRDA:271,27,0,0
BRDA:271,27,1,0
BRDA:277,28,0,0
BRDA:277,28,1,0
BRDA:280,29,0,0
BRDA:280,29,1,0
BRDA:286,30,0,0
BRDA:286,30,1,0
BRDA:292,31,0,0
BRDA:292,31,1,0
BRDA:292,32,0,0
BRDA:292,32,1,0
BRDA:295,33,0,0
BRDA:295,33,1,0
BRDA:295,34,0,0
BRDA:295,34,1,0
BRDA:296,35,0,0
BRDA:296,35,1,0
BRDA:302,36,0,0
BRDA:302,36,1,0
BRF:74
BRH:0
end_of_record
TN:
SF:src\components\ListaProdutos.vue
FN:170,render
FN:178,(anonymous_1)
FN:187,(anonymous_2)
FN:191,(anonymous_3)
FN:194,(anonymous_4)
FN:197,(anonymous_5)
FN:205,(anonymous_6)
FN:216,(anonymous_7)
FN:224,(anonymous_8)
FN:237,(anonymous_9)
FN:246,(anonymous_10)
FN:253,(anonymous_11)
FN:263,(anonymous_12)
FN:266,(anonymous_13)
FNF:14
FNH:10
FNDA:27,render
FNDA:4,(anonymous_1)
FNDA:1,(anonymous_2)
FNDA:1,(anonymous_3)
FNDA:0,(anonymous_4)
FNDA:0,(anonymous_5)
FNDA:0,(anonymous_6)
FNDA:1,(anonymous_7)
FNDA:21,(anonymous_8)
FNDA:4,(anonymous_9)
FNDA:4,(anonymous_10)
FNDA:3,(anonymous_11)
FNDA:0,(anonymous_12)
FNDA:1,(anonymous_13)
DA:4,2
DA:5,2
DA:8,2
DA:102,2
DA:104,2
DA:107,2
DA:108,2
DA:109,2
DA:112,2
DA:115,2
DA:119,2
DA:123,2
DA:126,2
DA:130,2
DA:133,2
DA:136,2
DA:140,2
DA:143,2
DA:146,2
DA:147,2
DA:150,2
DA:158,2
DA:161,2
DA:164,2
DA:167,2
DA:171,27
DA:172,27
DA:178,4
DA:187,1
DA:191,1
DA:194,0
DA:197,0
DA:205,0
DA:216,1
DA:225,21
DA:237,4
DA:246,4
DA:253,3
DA:263,0
DA:266,1
DA:268,2
LF:41
LH:37
BRDA:172,0,0,27
BRDA:172,0,1,10
BRDA:178,1,0,4
BRDA:178,1,1,4
BRDA:182,2,0,27
BRDA:182,2,1,10
BRDA:187,3,0,27
BRDA:187,3,1,10
BRDA:191,4,0,27
BRDA:191,4,1,10
BRDA:191,5,0,1
BRDA:191,5,1,1
BRDA:194,6,0,27
BRDA:194,6,1,10
BRDA:194,7,0,0
BRDA:194,7,1,0
BRDA:197,8,0,27
BRDA:197,8,1,10
BRDA:197,9,0,0
BRDA:197,9,1,0
BRDA:198,10,0,1
BRDA:198,10,1,26
BRDA:205,11,0,1
BRDA:205,11,1,1
BRDA:206,12,0,11
BRDA:206,12,1,16
BRDA:206,13,0,11
BRDA:206,13,1,10
BRDA:211,14,0,2
BRDA:211,14,1,14
BRDA:211,15,0,2
BRDA:211,15,1,2
BRDA:213,16,0,2
BRDA:213,16,1,2
BRDA:216,17,0,1
BRDA:216,17,1,1
BRDA:218,18,0,8
BRDA:218,18,1,6
BRDA:218,19,0,8
BRDA:218,19,1,5
BRDA:220,20,0,8
BRDA:220,20,1,5
BRDA:220,21,0,14
BRDA:220,21,1,8
BRDA:230,22,0,0
BRDA:230,22,1,21
BRDA:230,23,0,21
BRDA:230,23,1,0
BRDA:231,24,0,13
BRDA:231,24,1,8
BRDA:232,25,0,13
BRDA:232,25,1,8
BRDA:237,26,0,4
BRDA:237,26,1,3
BRDA:246,27,0,4
BRDA:246,27,1,3
BRDA:254,28,0,21
BRDA:254,28,1,8
BRDA:257,29,0,3
BRDA:257,29,1,24
BRDA:257,30,0,3
BRDA:257,30,1,3
BRDA:261,31,0,3
BRDA:261,31,1,3
BRDA:261,32,0,3
BRDA:261,32,1,3
BRDA:263,33,0,3
BRDA:263,33,1,3
BRDA:266,34,0,3
BRDA:266,34,1,3
BRF:70
BRH:64
end_of_record
TN:
SF:src\services\ProdutoService.js
FN:19,(anonymous_0)
FN:24,(anonymous_1)
FN:29,(anonymous_2)
FN:34,(anonymous_3)
FN:39,(anonymous_4)
FN:46,(anonymous_5)
FN:51,(anonymous_6)
FNF:7
FNH:6
FNDA:4,(anonymous_0)
FNDA:2,(anonymous_1)
FNDA:2,(anonymous_2)
FNDA:2,(anonymous_3)
FNDA:2,(anonymous_4)
FNDA:1,(anonymous_5)
FNDA:0,(anonymous_6)
DA:20,4
DA:25,2
DA:30,2
DA:35,2
DA:40,2
DA:47,1
DA:52,0
LF:7
LH:6
BRDA:19,0,0,3
BRF:1
BRH:1
end_of_record
TN:
SF:src\services\http-common.js
FNF:0
FNH:0
LF:0
LH:0
BRDA:11,0,0,2
BRDA:11,0,1,2
BRF:2
BRH:2
end_of_record
TN:
SF:src\utils\ValidadorProduto.js
FN:15,(anonymous_0)
FN:31,(anonymous_1)
FN:50,(anonymous_2)
FN:69,(anonymous_3)
FNF:4
FNH:4
FNDA:2,(anonymous_0)
FNDA:2,(anonymous_1)
FNDA:2,(anonymous_2)
FNDA:2,(anonymous_3)
DA:9,1
DA:16,2
DA:17,0
DA:19,2
DA:20,2
DA:21,1
DA:23,1
DA:32,2
DA:33,0
DA:35,2
DA:36,2
DA:37,1
DA:39,1
DA:40,0
DA:42,1
DA:51,2
DA:52,2
DA:53,0
DA:55,2
DA:56,0
DA:58,2
DA:59,1
DA:61,1
DA:70,2
DA:71,0
DA:73,2
DA:74,1
DA:76,1
DA:77,0
DA:79,1
DA:80,0
DA:82,1
LF:32
LH:24
BRDA:16,0,0,0
BRDA:16,0,1,2
BRDA:16,1,0,2
BRDA:16,1,1,2
BRDA:20,2,0,1
BRDA:20,2,1,1
BRDA:32,3,0,0
BRDA:32,3,1,2
BRDA:32,4,0,2
BRDA:32,4,1,2
BRDA:36,5,0,1
BRDA:36,5,1,1
BRDA:39,6,0,0
BRDA:39,6,1,1
BRDA:52,7,0,0
BRDA:52,7,1,2
BRDA:52,8,0,2
BRDA:52,8,1,2
BRDA:52,8,2,2
BRDA:55,9,0,0
BRDA:55,9,1,2
BRDA:58,10,0,1
BRDA:58,10,1,1
BRDA:70,11,0,0
BRDA:70,11,1,2
BRDA:70,12,0,2
BRDA:70,12,1,2
BRDA:73,13,0,1
BRDA:73,13,1,1
BRDA:76,14,0,0
BRDA:76,14,1,1
BRDA:79,15,0,0
BRDA:79,15,1,1
BRF:33
BRH:25
end_of_record
